#logback.classic pattern: %d{HH:mm:ss.SSS} %-5level %logger{36} - %msg%n
13:07:01.266 INFO  ApplicationMain - Main start...
13:07:01.269 ERROR ApplicationMain - Main end.
#logback.classic pattern: %d{HH:mm:ss.SSS} %-5level %logger{36} - %msg%n
13:10:38.047 INFO  ApplicationMain - Main start...
13:10:38.049 INFO  ApplicationMain - Process ...
13:10:38.049 ERROR ApplicationMain - Main end.
#logback.classic pattern: %d{HH:mm:ss.SSS} %-5level %logger{36} - %msg%n
13:11:34.193 INFO  ApplicationMain - Main start...
13:11:34.196 INFO  ApplicationMain - Process ...
13:11:34.196 ERROR ApplicationMain - Main end.
#logback.classic pattern: %d{HH:mm:ss.SSS} %-5level %logger{36} - %msg%n
13:22:34.635 INFO  ApplicationMain - Main start...
13:22:34.638 INFO  ApplicationMain - Process ...
13:22:34.638 ERROR ApplicationMain - Main end.
#logback.classic pattern: %d{HH:mm:ss.SSS} %-5level %logger{36} - %msg%n
13:22:48.148 INFO  ApplicationMain - Main start...
13:22:48.151 INFO  ApplicationMain - Process ...
13:22:48.151 ERROR ApplicationMain - Main end.
#logback.classic pattern: %d{HH:mm:ss.SSS} %-5level %logger{36} - %msg%n
13:23:50.566 INFO  ApplicationMain - Main start...
13:23:50.569 INFO  ApplicationMain - Process ...
13:23:50.569 ERROR ApplicationMain - Main end.
#logback.classic pattern: %d{HH:mm:ss.SSS} %-5level %logger{36} - %msg%n
13:24:16.660 INFO  ApplicationMain - Main start...
13:24:16.662 INFO  ApplicationMain - Main process ...
13:24:16.663 ERROR ApplicationMain - Main end.
#logback.classic pattern: %d{HH:mm:ss.SSS} %-5level %logger{36} - %msg%n
13:24:59.126 INFO  ApplicationMain - Main start...
13:24:59.128 INFO  ApplicationMain - Main process ...
13:24:59.128 ERROR ApplicationMain - Main end.
#logback.classic pattern: %d{HH:mm:ss.SSS} %-5level %logger{36} - %msg%n
14:36:01.753 INFO  ApplicationMain - Main start...
14:36:01.754 INFO  ApplicationMain - Main process ...
14:36:01.755 ERROR ApplicationMain - Main end.
#logback.classic pattern: %d{HH:mm:ss.SSS} %-5level %logger{36} - %msg%n
14:36:32.637 INFO  ApplicationMain - Main start...
14:36:32.638 INFO  ApplicationMain - Main process ...
14:36:32.638 ERROR ApplicationMain - Main end.
#logback.classic pattern: %d{HH:mm:ss.SSS} %-5level %logger{36} - %msg%n
14:36:41.205 INFO  ApplicationMain - Main start...
14:36:41.207 INFO  ApplicationMain - Main process ...
14:36:41.207 ERROR ApplicationMain - Main end.
#logback.classic pattern: %d{HH:mm:ss.SSS} %-5level %logger{36} - %msg%n
14:37:39.520 INFO  ApplicationMain - Main start...
14:37:39.522 INFO  ApplicationMain - Main process ...
14:37:39.522 ERROR ApplicationMain - Main end.
#logback.classic pattern: %d{HH:mm:ss.SSS} %-5level %logger{36} - %msg%n
14:37:48.025 INFO  ApplicationMain - Main start...
14:37:48.026 INFO  ApplicationMain - Main process ...
14:37:48.026 ERROR ApplicationMain - Main end.
#logback.classic pattern: %d{HH:mm:ss.SSS} %-5level %logger{36} - %msg%n
14:38:29.424 INFO  ApplicationMain - Main start...
14:38:29.427 INFO  ApplicationMain - Main process ...
14:38:29.427 ERROR ApplicationMain - Main end.
#logback.classic pattern: %d{HH:mm:ss.SSS} %-5level %logger{36} - %msg%n
14:39:12.087 INFO  ApplicationMain - Main start...
14:39:12.089 INFO  ApplicationMain - Main process ...
14:39:12.089 ERROR ApplicationMain - Main end.
#logback.classic pattern: %d{HH:mm:ss.SSS} %-5level %logger{36} - %msg%n
14:39:34.314 INFO  ApplicationMain - Main start...
14:39:34.315 INFO  ApplicationMain - Main process ...
14:39:34.315 ERROR ApplicationMain - Main end.
#logback.classic pattern: %d{HH:mm:ss.SSS} %-5level %logger{36} - %msg%n
14:49:18.044 INFO  ApplicationMain - Main start...
14:49:18.046 INFO  ApplicationMain - Main process ...
14:49:18.047 ERROR ApplicationMain - Main end.
#logback.classic pattern: %d{HH:mm:ss.SSS} %-5level %logger{36} - %msg%n
14:49:43.701 INFO  ApplicationMain - Main start...
14:49:43.704 INFO  ApplicationMain - Main process ...
14:49:43.704 ERROR ApplicationMain - Main end.
